<?xml version="1.0" encoding="utf-8"?>
<CoverageSession xmlns:xsd="http://www.w3.org/2001/XMLSchema" xmlns:xsi="http://www.w3.org/2001/XMLSchema-instance" Version="0.0.0.0">
  <Summary numSequencePoints="124" visitedSequencePoints="93" numBranchPoints="0" visitedBranchPoints="0" sequenceCoverage="75.00" branchCoverage="0.0" maxCyclomaticComplexity="0" minCyclomaticComplexity="0" maxCrapScore="0" minCrapScore="0" visitedClasses="2" numClasses="2" visitedMethods="6" numMethods="6" />
  <Modules>
    <Module>
      <Summary numSequencePoints="124" visitedSequencePoints="93" numBranchPoints="0" visitedBranchPoints="0" sequenceCoverage="75.00" branchCoverage="0.0" maxCyclomaticComplexity="0" minCyclomaticComplexity="0" maxCrapScore="0" minCrapScore="0" visitedClasses="2" numClasses="2" visitedMethods="6" numMethods="6" />
      <ModuleTime>0001-01-01T00:00:00</ModuleTime>
      <ModuleName>Assembly-CSharp</ModuleName>
      <Files>
        <File uid="1" fullPath="D:/Github/Encrypted-Destiny/Assets/02.Scripts/02.Interact/InteractManager_HT.cs" />
      </Files>
      <Classes>
        <Class>
          <Summary numSequencePoints="119" visitedSequencePoints="88" numBranchPoints="0" visitedBranchPoints="0" sequenceCoverage="73.95" branchCoverage="0.0" maxCyclomaticComplexity="0" minCyclomaticComplexity="0" maxCrapScore="0" minCrapScore="0" visitedClasses="1" numClasses="1" visitedMethods="5" numMethods="5" />
          <FullName>InteractManager_HT</FullName>
          <Methods>
            <Method visited="true" cyclomaticComplexity="0" nPathComplexity="0" sequenceCoverage="100.0" branchCoverage="0" crapScore="0" isConstructor="false" isStatic="false" isGetter="false" isSetter="false">
              <Summary numSequencePoints="4" visitedSequencePoints="4" numBranchPoints="0" visitedBranchPoints="0" sequenceCoverage="100.0" branchCoverage="0" maxCyclomaticComplexity="0" minCyclomaticComplexity="0" maxCrapScore="0" minCrapScore="0" visitedClasses="0" numClasses="0" visitedMethods="1" numMethods="1" />
              <MetadataToken>100663381</MetadataToken>
              <Name>System.Void InteractManager_HT::Start()</Name>
              <FileRef uid="1" />
              <SequencePoints>
                <SequencePoint vc="1" uspid="1" ordinal="0" offset="0" sl="50" sc="5" el="50" ec="5" bec="0" bev="0" fileid="1" />
                <SequencePoint vc="1" uspid="2" ordinal="0" offset="1" sl="51" sc="9" el="51" ec="9" bec="0" bev="0" fileid="1" />
                <SequencePoint vc="1" uspid="3" ordinal="0" offset="12" sl="52" sc="9" el="52" ec="9" bec="0" bev="0" fileid="1" />
                <SequencePoint vc="1" uspid="4" ordinal="0" offset="24" sl="53" sc="5" el="53" ec="5" bec="0" bev="0" fileid="1" />
              </SequencePoints>
              <BranchPoints />
            </Method>
            <Method visited="true" cyclomaticComplexity="0" nPathComplexity="0" sequenceCoverage="69.00" branchCoverage="0" crapScore="0" isConstructor="false" isStatic="false" isGetter="false" isSetter="false">
              <Summary numSequencePoints="100" visitedSequencePoints="69" numBranchPoints="0" visitedBranchPoints="0" sequenceCoverage="69.00" branchCoverage="0" maxCyclomaticComplexity="0" minCyclomaticComplexity="0" maxCrapScore="0" minCrapScore="0" visitedClasses="0" numClasses="0" visitedMethods="1" numMethods="1" />
              <MetadataToken>100663382</MetadataToken>
              <Name>System.Void InteractManager_HT::Update()</Name>
              <FileRef uid="1" />
              <SequencePoints>
                <SequencePoint vc="2022" uspid="5" ordinal="0" offset="0" sl="57" sc="5" el="57" ec="5" bec="0" bev="0" fileid="1" />
                <SequencePoint vc="2022" uspid="6" ordinal="0" offset="1" sl="59" sc="9" el="59" ec="9" bec="0" bev="0" fileid="1" />
                <SequencePoint vc="483" uspid="7" ordinal="0" offset="28" sl="60" sc="9" el="60" ec="9" bec="0" bev="0" fileid="1" />
                <SequencePoint vc="483" uspid="8" ordinal="0" offset="29" sl="61" sc="13" el="61" ec="13" bec="0" bev="0" fileid="1" />
                <SequencePoint vc="483" uspid="9" ordinal="0" offset="40" sl="62" sc="13" el="62" ec="13" bec="0" bev="0" fileid="1" />
                <SequencePoint vc="483" uspid="10" ordinal="0" offset="73" sl="65" sc="13" el="65" ec="13" bec="0" bev="0" fileid="1" />
                <SequencePoint vc="93" uspid="11" ordinal="0" offset="105" sl="66" sc="13" el="66" ec="13" bec="0" bev="0" fileid="1" />
                <SequencePoint vc="93" uspid="12" ordinal="0" offset="106" sl="68" sc="17" el="68" ec="17" bec="0" bev="0" fileid="1" />
                <SequencePoint vc="2" uspid="13" ordinal="0" offset="157" sl="69" sc="17" el="69" ec="17" bec="0" bev="0" fileid="1" />
                <SequencePoint vc="2" uspid="14" ordinal="0" offset="158" sl="70" sc="21" el="70" ec="21" bec="0" bev="0" fileid="1" />
                <SequencePoint vc="2" uspid="15" ordinal="0" offset="176" sl="71" sc="21" el="71" ec="21" bec="0" bev="0" fileid="1" />
                <SequencePoint vc="2" uspid="16" ordinal="0" offset="194" sl="72" sc="21" el="72" ec="21" bec="0" bev="0" fileid="1" />
                <SequencePoint vc="2" uspid="17" ordinal="0" offset="206" sl="73" sc="17" el="73" ec="17" bec="0" bev="0" fileid="1" />
                <SequencePoint vc="91" uspid="18" ordinal="0" offset="212" sl="74" sc="22" el="74" ec="22" bec="0" bev="0" fileid="1" />
                <SequencePoint vc="4" uspid="19" ordinal="0" offset="263" sl="75" sc="17" el="75" ec="17" bec="0" bev="0" fileid="1" />
                <SequencePoint vc="4" uspid="20" ordinal="0" offset="264" sl="76" sc="21" el="76" ec="21" bec="0" bev="0" fileid="1" />
                <SequencePoint vc="4" uspid="21" ordinal="0" offset="282" sl="77" sc="21" el="77" ec="21" bec="0" bev="0" fileid="1" />
                <SequencePoint vc="4" uspid="22" ordinal="0" offset="300" sl="78" sc="21" el="78" ec="21" bec="0" bev="0" fileid="1" />
                <SequencePoint vc="4" uspid="23" ordinal="0" offset="312" sl="79" sc="17" el="79" ec="17" bec="0" bev="0" fileid="1" />
                <SequencePoint vc="87" uspid="24" ordinal="0" offset="318" sl="80" sc="22" el="80" ec="22" bec="0" bev="0" fileid="1" />
                <SequencePoint vc="2" uspid="25" ordinal="0" offset="372" sl="81" sc="17" el="81" ec="17" bec="0" bev="0" fileid="1" />
                <SequencePoint vc="2" uspid="26" ordinal="0" offset="373" sl="82" sc="21" el="82" ec="21" bec="0" bev="0" fileid="1" />
                <SequencePoint vc="2" uspid="27" ordinal="0" offset="391" sl="83" sc="21" el="83" ec="21" bec="0" bev="0" fileid="1" />
                <SequencePoint vc="2" uspid="28" ordinal="0" offset="408" sl="84" sc="21" el="84" ec="21" bec="0" bev="0" fileid="1" />
                <SequencePoint vc="2" uspid="29" ordinal="0" offset="428" sl="85" sc="21" el="85" ec="21" bec="0" bev="0" fileid="1" />
                <SequencePoint vc="2" uspid="30" ordinal="0" offset="429" sl="86" sc="25" el="86" ec="25" bec="0" bev="0" fileid="1" />
                <SequencePoint vc="1" uspid="31" ordinal="0" offset="449" sl="87" sc="25" el="87" ec="25" bec="0" bev="0" fileid="1" />
                <SequencePoint vc="1" uspid="32" ordinal="0" offset="450" sl="88" sc="29" el="88" ec="29" bec="0" bev="0" fileid="1" />
                <SequencePoint vc="1" uspid="33" ordinal="0" offset="462" sl="89" sc="25" el="89" ec="25" bec="0" bev="0" fileid="1" />
                <SequencePoint vc="1" uspid="34" ordinal="0" offset="465" sl="91" sc="25" el="91" ec="25" bec="0" bev="0" fileid="1" />
                <SequencePoint vc="1" uspid="35" ordinal="0" offset="466" sl="92" sc="29" el="92" ec="29" bec="0" bev="0" fileid="1" />
                <SequencePoint vc="1" uspid="36" ordinal="0" offset="478" sl="93" sc="25" el="93" ec="25" bec="0" bev="0" fileid="1" />
                <SequencePoint vc="2" uspid="37" ordinal="0" offset="479" sl="94" sc="21" el="94" ec="21" bec="0" bev="0" fileid="1" />
                <SequencePoint vc="2" uspid="38" ordinal="0" offset="480" sl="95" sc="21" el="95" ec="21" bec="0" bev="0" fileid="1" />
                <SequencePoint vc="0" uspid="39" ordinal="0" offset="497" sl="96" sc="21" el="96" ec="21" bec="0" bev="0" fileid="1" />
                <SequencePoint vc="0" uspid="40" ordinal="0" offset="498" sl="97" sc="25" el="97" ec="25" bec="0" bev="0" fileid="1" />
                <SequencePoint vc="0" uspid="41" ordinal="0" offset="518" sl="98" sc="25" el="98" ec="25" bec="0" bev="0" fileid="1" />
                <SequencePoint vc="0" uspid="42" ordinal="0" offset="519" sl="99" sc="29" el="99" ec="29" bec="0" bev="0" fileid="1" />
                <SequencePoint vc="0" uspid="43" ordinal="0" offset="531" sl="100" sc="25" el="100" ec="25" bec="0" bev="0" fileid="1" />
                <SequencePoint vc="0" uspid="44" ordinal="0" offset="534" sl="102" sc="25" el="102" ec="25" bec="0" bev="0" fileid="1" />
                <SequencePoint vc="0" uspid="45" ordinal="0" offset="535" sl="103" sc="29" el="103" ec="29" bec="0" bev="0" fileid="1" />
                <SequencePoint vc="0" uspid="46" ordinal="0" offset="547" sl="104" sc="25" el="104" ec="25" bec="0" bev="0" fileid="1" />
                <SequencePoint vc="0" uspid="47" ordinal="0" offset="548" sl="105" sc="21" el="105" ec="21" bec="0" bev="0" fileid="1" />
                <SequencePoint vc="2" uspid="48" ordinal="0" offset="549" sl="106" sc="17" el="106" ec="17" bec="0" bev="0" fileid="1" />
                <SequencePoint vc="85" uspid="49" ordinal="0" offset="555" sl="107" sc="22" el="107" ec="22" bec="0" bev="0" fileid="1" />
                <SequencePoint vc="0" uspid="50" ordinal="0" offset="606" sl="108" sc="17" el="108" ec="17" bec="0" bev="0" fileid="1" />
                <SequencePoint vc="0" uspid="51" ordinal="0" offset="607" sl="109" sc="21" el="109" ec="21" bec="0" bev="0" fileid="1" />
                <SequencePoint vc="0" uspid="52" ordinal="0" offset="625" sl="110" sc="21" el="110" ec="21" bec="0" bev="0" fileid="1" />
                <SequencePoint vc="0" uspid="53" ordinal="0" offset="642" sl="111" sc="21" el="111" ec="21" bec="0" bev="0" fileid="1" />
                <SequencePoint vc="0" uspid="54" ordinal="0" offset="654" sl="112" sc="17" el="112" ec="17" bec="0" bev="0" fileid="1" />
                <SequencePoint vc="85" uspid="55" ordinal="0" offset="660" sl="113" sc="22" el="113" ec="22" bec="0" bev="0" fileid="1" />
                <SequencePoint vc="0" uspid="56" ordinal="0" offset="711" sl="114" sc="17" el="114" ec="17" bec="0" bev="0" fileid="1" />
                <SequencePoint vc="0" uspid="57" ordinal="0" offset="712" sl="115" sc="21" el="115" ec="21" bec="0" bev="0" fileid="1" />
                <SequencePoint vc="0" uspid="58" ordinal="0" offset="730" sl="116" sc="21" el="116" ec="21" bec="0" bev="0" fileid="1" />
                <SequencePoint vc="0" uspid="59" ordinal="0" offset="747" sl="117" sc="21" el="117" ec="21" bec="0" bev="0" fileid="1" />
                <SequencePoint vc="0" uspid="60" ordinal="0" offset="767" sl="118" sc="21" el="118" ec="21" bec="0" bev="0" fileid="1" />
                <SequencePoint vc="0" uspid="61" ordinal="0" offset="768" sl="119" sc="25" el="119" ec="25" bec="0" bev="0" fileid="1" />
                <SequencePoint vc="0" uspid="62" ordinal="0" offset="780" sl="120" sc="21" el="120" ec="21" bec="0" bev="0" fileid="1" />
                <SequencePoint vc="0" uspid="63" ordinal="0" offset="783" sl="122" sc="21" el="122" ec="21" bec="0" bev="0" fileid="1" />
                <SequencePoint vc="0" uspid="64" ordinal="0" offset="784" sl="123" sc="25" el="123" ec="25" bec="0" bev="0" fileid="1" />
                <SequencePoint vc="0" uspid="65" ordinal="0" offset="796" sl="124" sc="21" el="124" ec="21" bec="0" bev="0" fileid="1" />
                <SequencePoint vc="0" uspid="66" ordinal="0" offset="797" sl="125" sc="17" el="125" ec="17" bec="0" bev="0" fileid="1" />
                <SequencePoint vc="85" uspid="67" ordinal="0" offset="800" sl="126" sc="22" el="126" ec="22" bec="0" bev="0" fileid="1" />
                <SequencePoint vc="1" uspid="68" ordinal="0" offset="851" sl="127" sc="17" el="127" ec="17" bec="0" bev="0" fileid="1" />
                <SequencePoint vc="1" uspid="69" ordinal="0" offset="852" sl="128" sc="21" el="128" ec="21" bec="0" bev="0" fileid="1" />
                <SequencePoint vc="1" uspid="70" ordinal="0" offset="870" sl="129" sc="21" el="129" ec="21" bec="0" bev="0" fileid="1" />
                <SequencePoint vc="1" uspid="71" ordinal="0" offset="887" sl="130" sc="21" el="130" ec="21" bec="0" bev="0" fileid="1" />
                <SequencePoint vc="1" uspid="72" ordinal="0" offset="899" sl="131" sc="17" el="131" ec="17" bec="0" bev="0" fileid="1" />
                <SequencePoint vc="93" uspid="73" ordinal="0" offset="900" sl="134" sc="13" el="134" ec="13" bec="0" bev="0" fileid="1" />
                <SequencePoint vc="390" uspid="74" ordinal="0" offset="903" sl="136" sc="13" el="136" ec="13" bec="0" bev="0" fileid="1" />
                <SequencePoint vc="390" uspid="75" ordinal="0" offset="904" sl="137" sc="17" el="137" ec="17" bec="0" bev="0" fileid="1" />
                <SequencePoint vc="390" uspid="76" ordinal="0" offset="911" sl="138" sc="17" el="138" ec="17" bec="0" bev="0" fileid="1" />
                <SequencePoint vc="390" uspid="77" ordinal="0" offset="918" sl="139" sc="17" el="139" ec="17" bec="0" bev="0" fileid="1" />
                <SequencePoint vc="390" uspid="78" ordinal="0" offset="936" sl="140" sc="13" el="140" ec="13" bec="0" bev="0" fileid="1" />
                <SequencePoint vc="483" uspid="79" ordinal="0" offset="937" sl="141" sc="9" el="141" ec="9" bec="0" bev="0" fileid="1" />
                <SequencePoint vc="2022" uspid="80" ordinal="0" offset="938" sl="142" sc="9" el="142" ec="9" bec="0" bev="0" fileid="1" />
                <SequencePoint vc="413" uspid="81" ordinal="0" offset="959" sl="143" sc="9" el="143" ec="9" bec="0" bev="0" fileid="1" />
                <SequencePoint vc="413" uspid="82" ordinal="0" offset="960" sl="144" sc="13" el="144" ec="13" bec="0" bev="0" fileid="1" />
                <SequencePoint vc="10" uspid="83" ordinal="0" offset="976" sl="145" sc="13" el="145" ec="13" bec="0" bev="0" fileid="1" />
                <SequencePoint vc="10" uspid="84" ordinal="0" offset="977" sl="146" sc="17" el="146" ec="17" bec="0" bev="0" fileid="1" />
                <SequencePoint vc="1" uspid="85" ordinal="0" offset="1010" sl="147" sc="17" el="147" ec="17" bec="0" bev="0" fileid="1" />
                <SequencePoint vc="1" uspid="86" ordinal="0" offset="1011" sl="148" sc="21" el="148" ec="21" bec="0" bev="0" fileid="1" />
                <SequencePoint vc="1" uspid="87" ordinal="0" offset="1022" sl="149" sc="21" el="149" ec="21" bec="0" bev="0" fileid="1" />
                <SequencePoint vc="1" uspid="88" ordinal="0" offset="1040" sl="150" sc="21" el="150" ec="21" bec="0" bev="0" fileid="1" />
                <SequencePoint vc="1" uspid="89" ordinal="0" offset="1053" sl="151" sc="17" el="151" ec="17" bec="0" bev="0" fileid="1" />
                <SequencePoint vc="10" uspid="90" ordinal="0" offset="1054" sl="156" sc="17" el="156" ec="17" bec="0" bev="0" fileid="1" />
                <SequencePoint vc="0" uspid="91" ordinal="0" offset="1076" sl="157" sc="17" el="157" ec="17" bec="0" bev="0" fileid="1" />
                <SequencePoint vc="0" uspid="92" ordinal="0" offset="1077" sl="158" sc="21" el="158" ec="21" bec="0" bev="0" fileid="1" />
                <SequencePoint vc="0" uspid="93" ordinal="0" offset="1089" sl="159" sc="17" el="159" ec="17" bec="0" bev="0" fileid="1" />
                <SequencePoint vc="10" uspid="94" ordinal="0" offset="1090" sl="160" sc="17" el="160" ec="17" bec="0" bev="0" fileid="1" />
                <SequencePoint vc="0" uspid="95" ordinal="0" offset="1112" sl="161" sc="17" el="161" ec="17" bec="0" bev="0" fileid="1" />
                <SequencePoint vc="0" uspid="96" ordinal="0" offset="1113" sl="162" sc="21" el="162" ec="21" bec="0" bev="0" fileid="1" />
                <SequencePoint vc="0" uspid="97" ordinal="0" offset="1131" sl="163" sc="17" el="163" ec="17" bec="0" bev="0" fileid="1" />
                <SequencePoint vc="10" uspid="98" ordinal="0" offset="1132" sl="164" sc="17" el="164" ec="17" bec="0" bev="0" fileid="1" />
                <SequencePoint vc="9" uspid="99" ordinal="0" offset="1154" sl="165" sc="17" el="165" ec="17" bec="0" bev="0" fileid="1" />
                <SequencePoint vc="9" uspid="100" ordinal="0" offset="1155" sl="166" sc="21" el="166" ec="21" bec="0" bev="0" fileid="1" />
                <SequencePoint vc="9" uspid="101" ordinal="0" offset="1167" sl="167" sc="17" el="167" ec="17" bec="0" bev="0" fileid="1" />
                <SequencePoint vc="10" uspid="102" ordinal="0" offset="1168" sl="170" sc="13" el="170" ec="13" bec="0" bev="0" fileid="1" />
                <SequencePoint vc="413" uspid="103" ordinal="0" offset="1169" sl="171" sc="9" el="171" ec="9" bec="0" bev="0" fileid="1" />
                <SequencePoint vc="2022" uspid="104" ordinal="0" offset="1170" sl="173" sc="5" el="173" ec="5" bec="0" bev="0" fileid="1" />
              </SequencePoints>
              <BranchPoints />
            </Method>
            <Method visited="true" cyclomaticComplexity="0" nPathComplexity="0" sequenceCoverage="100.0" branchCoverage="0" crapScore="0" isConstructor="false" isStatic="false" isGetter="false" isSetter="false">
              <Summary numSequencePoints="4" visitedSequencePoints="4" numBranchPoints="0" visitedBranchPoints="0" sequenceCoverage="100.0" branchCoverage="0" maxCyclomaticComplexity="0" minCyclomaticComplexity="0" maxCrapScore="0" minCrapScore="0" visitedClasses="0" numClasses="0" visitedMethods="1" numMethods="1" />
              <MetadataToken>100663384</MetadataToken>
              <Name>System.Void InteractManager_HT::SetPromptText(System.String)</Name>
              <FileRef uid="1" />
              <SequencePoints>
                <SequencePoint vc="9" uspid="105" ordinal="0" offset="0" sl="186" sc="5" el="186" ec="5" bec="0" bev="0" fileid="1" />
                <SequencePoint vc="9" uspid="106" ordinal="0" offset="1" sl="187" sc="9" el="187" ec="9" bec="0" bev="0" fileid="1" />
                <SequencePoint vc="9" uspid="107" ordinal="0" offset="19" sl="188" sc="9" el="188" ec="9" bec="0" bev="0" fileid="1" />
                <SequencePoint vc="9" uspid="108" ordinal="0" offset="42" sl="189" sc="5" el="189" ec="5" bec="0" bev="0" fileid="1" />
              </SequencePoints>
              <BranchPoints />
            </Method>
            <Method visited="true" cyclomaticComplexity="0" nPathComplexity="0" sequenceCoverage="100.0" branchCoverage="0" crapScore="0" isConstructor="false" isStatic="false" isGetter="false" isSetter="false">
              <Summary numSequencePoints="9" visitedSequencePoints="9" numBranchPoints="0" visitedBranchPoints="0" sequenceCoverage="100.0" branchCoverage="0" maxCyclomaticComplexity="0" minCyclomaticComplexity="0" maxCrapScore="0" minCrapScore="0" visitedClasses="0" numClasses="0" visitedMethods="1" numMethods="1" />
              <MetadataToken>100663385</MetadataToken>
              <Name>System.Void InteractManager_HT::OnInteractInput(UnityEngine.InputSystem.InputAction/CallbackContext)</Name>
              <FileRef uid="1" />
              <SequencePoints>
                <SequencePoint vc="54" uspid="109" ordinal="0" offset="0" sl="192" sc="5" el="192" ec="5" bec="0" bev="0" fileid="1" />
                <SequencePoint vc="54" uspid="110" ordinal="0" offset="1" sl="193" sc="9" el="193" ec="9" bec="0" bev="0" fileid="1" />
                <SequencePoint vc="3" uspid="111" ordinal="0" offset="27" sl="194" sc="9" el="194" ec="9" bec="0" bev="0" fileid="1" />
                <SequencePoint vc="3" uspid="112" ordinal="0" offset="28" sl="195" sc="13" el="195" ec="13" bec="0" bev="0" fileid="1" />
                <SequencePoint vc="3" uspid="113" ordinal="0" offset="40" sl="196" sc="13" el="196" ec="13" bec="0" bev="0" fileid="1" />
                <SequencePoint vc="3" uspid="114" ordinal="0" offset="47" sl="197" sc="13" el="197" ec="13" bec="0" bev="0" fileid="1" />
                <SequencePoint vc="3" uspid="115" ordinal="0" offset="54" sl="198" sc="13" el="198" ec="13" bec="0" bev="0" fileid="1" />
                <SequencePoint vc="3" uspid="116" ordinal="0" offset="72" sl="199" sc="9" el="199" ec="9" bec="0" bev="0" fileid="1" />
                <SequencePoint vc="54" uspid="117" ordinal="0" offset="73" sl="200" sc="5" el="200" ec="5" bec="0" bev="0" fileid="1" />
              </SequencePoints>
              <BranchPoints />
            </Method>
            <Method visited="true" cyclomaticComplexity="0" nPathComplexity="0" sequenceCoverage="100.0" branchCoverage="0" crapScore="0" isConstructor="true" isStatic="false" isGetter="false" isSetter="false">
              <Summary numSequencePoints="2" visitedSequencePoints="2" numBranchPoints="0" visitedBranchPoints="0" sequenceCoverage="100.0" branchCoverage="0" maxCyclomaticComplexity="0" minCyclomaticComplexity="0" maxCrapScore="0" minCrapScore="0" visitedClasses="0" numClasses="0" visitedMethods="1" numMethods="1" />
              <MetadataToken>100663386</MetadataToken>
              <Name>InteractManager_HT::InteractManager_HT()</Name>
              <FileRef uid="1" />
              <SequencePoints>
                <SequencePoint vc="1" uspid="118" ordinal="0" offset="0" sl="32" sc="5" el="32" ec="5" bec="0" bev="0" fileid="1" />
                <SequencePoint vc="1" uspid="119" ordinal="0" offset="11" sl="34" sc="5" el="34" ec="5" bec="0" bev="0" fileid="1" />
              </SequencePoints>
              <BranchPoints />
            </Method>
          </Methods>
        </Class>
        <Class>
          <Summary numSequencePoints="5" visitedSequencePoints="5" numBranchPoints="0" visitedBranchPoints="0" sequenceCoverage="100.0" branchCoverage="0.0" maxCyclomaticComplexity="0" minCyclomaticComplexity="0" maxCrapScore="0" minCrapScore="0" visitedClasses="1" numClasses="1" visitedMethods="1" numMethods="1" />
          <FullName>InteractManager_HT/&lt;DelayedInput&gt;d__15</FullName>
          <Methods>
            <Method visited="true" cyclomaticComplexity="0" nPathComplexity="0" sequenceCoverage="100.0" branchCoverage="0" crapScore="0" isConstructor="false" isStatic="false" isGetter="false" isSetter="false">
              <Summary numSequencePoints="5" visitedSequencePoints="5" numBranchPoints="0" visitedBranchPoints="0" sequenceCoverage="100.0" branchCoverage="0" maxCyclomaticComplexity="0" minCyclomaticComplexity="0" maxCrapScore="0" minCrapScore="0" visitedClasses="0" numClasses="0" visitedMethods="1" numMethods="1" />
              <MetadataToken>100663713</MetadataToken>
              <Name>System.Boolean InteractManager_HT/&lt;DelayedInput&gt;d__15::MoveNext()</Name>
              <FileRef uid="1" />
              <SequencePoints>
                <SequencePoint vc="1" uspid="120" ordinal="0" offset="31" sl="177" sc="5" el="177" ec="5" bec="0" bev="0" fileid="1" />
                <SequencePoint vc="1" uspid="121" ordinal="0" offset="32" sl="178" sc="9" el="178" ec="9" bec="0" bev="0" fileid="1" />
                <SequencePoint vc="1" uspid="122" ordinal="0" offset="44" sl="180" sc="9" el="180" ec="9" bec="0" bev="0" fileid="1" />
                <SequencePoint vc="1" uspid="123" ordinal="0" offset="87" sl="182" sc="9" el="182" ec="9" bec="0" bev="0" fileid="1" />
                <SequencePoint vc="1" uspid="124" ordinal="0" offset="99" sl="183" sc="5" el="183" ec="5" bec="0" bev="0" fileid="1" />
              </SequencePoints>
              <BranchPoints />
            </Method>
          </Methods>
        </Class>
      </Classes>
    </Module>
  </Modules>
</CoverageSession>